date: 2014-05-29 19:17:20.519
argv: node /usr/local/node/bin/hexo d
os: Linux 3.14.4-200.fc20.x86_64 linux x64
version:
  hexo: 2.6.0
  http_parser: 1.0
  node: 0.10.24
  v8: 3.14.5.9
  ares: 1.9.0-DEV
  uv: 0.10.21
  zlib: 1.2.3
  modules: 11
  openssl: 1.0.1e
---

[debug] 19:17:20.309 Processed: draft.md
[debug] 19:17:20.309 Processed: page.md
[debug] 19:17:20.309 Processed: photo.md
[debug] 19:17:20.309 Processed: post.md
[debug] 19:17:20.309 Config file loaded
[debug] 19:17:20.310 Version info checked successfully
[debug] 19:17:20.326 Loading database.
[debug] 19:17:20.360 Plugin loaded successfully: hexo-renderer-ejs
[debug] 19:17:20.375 Plugin loaded successfully: hexo-renderer-marked
[debug] 19:17:20.507 Plugin loaded successfully: hexo-renderer-stylus
[debug] 19:17:20.508 Script load successfully: fancybox.js
[info] 19:17:20.509 Start deploying: null
[error] 19:17:20.512 TypeError: Property 'null' of object #<Object> is not a function
TypeError: Property 'null' of object #<Object> is not a function
    at /usr/local/node/lib/node_modules/hexo/lib/plugins/console/deploy.js:72:21
    at iterate (/usr/local/node/lib/node_modules/hexo/node_modules/async/lib/async.js:149:13)
    at Object.async.eachSeries (/usr/local/node/lib/node_modules/hexo/node_modules/async/lib/async.js:165:9)
    at /usr/local/node/lib/node_modules/hexo/lib/plugins/console/deploy.js:67:11
    at /usr/local/node/lib/node_modules/hexo/lib/plugins/console/deploy.js:33:27
    at Object.cb [as oncomplete] (fs.js:168:19)
